<?xml version="1.0" encoding="UTF-8"?>
<testsuite xmlns:xsi="http://www.w3.org/2001/XMLSchema-instance" xsi:noNamespaceSchemaLocation="https://maven.apache.org/surefire/maven-surefire-plugin/xsd/surefire-test-report.xsd" name="myDemoProject_Test1.searchPageTest" time="1.443" tests="9" errors="0" skipped="8" failures="1">
  <properties>
[...]
</properties>
  <testcase name="setup" classname="myDemoProject_Test1.searchPageTest" time="1.278">
    <failure message="org/openqa/selenium/HasAuthentication" type="java.lang.NoClassDefFoundError">java.lang.NoClassDefFoundError: org/openqa/selenium/HasAuthentication
	at myDemoProject_Test1.searchPageTest.setup(searchPageTest.java:24)
Caused by: java.lang.ClassNotFoundException: org.openqa.selenium.HasAuthentication
	at myDemoProject_Test1.searchPageTest.setup(searchPageTest.java:24)
</failure>
    <system-err><![CDATA[SLF4J: Class path contains multiple SLF4J bindings.
SLF4J: Found binding in [jar:file:/Users/shravanmartha/.m2/repository/org/slf4j/slf4j-simple/1.7.28/slf4j-simple-1.7.28.jar!/org/slf4j/impl/StaticLoggerBinder.class]
SLF4J: Found binding in [jar:file:/Users/shravanmartha/.m2/repository/ch/qos/logback/logback-classic/1.2.3/logback-classic-1.2.3.jar!/org/slf4j/impl/StaticLoggerBinder.class]
SLF4J: See http://www.slf4j.org/codes.html#multiple_bindings for an explanation.
SLF4J: Actual binding is of type [org.slf4j.impl.SimpleLoggerFactory]
[main] INFO io.github.bonigarcia.wdm.WebDriverManager - Using chromedriver 90.0.4430.24 (resolved driver for Chrome 90)
[main] INFO io.github.bonigarcia.wdm.WebDriverManager - Exporting webdriver.chrome.driver as /Users/shravanmartha/.cache/selenium/chromedriver/mac64/90.0.4430.24/chromedriver
]]></system-err>
  </testcase>
  <testcase name="setup" classname="myDemoProject_Test1.searchPageTest" time="0">
    <skipped/>
  </testcase>
  <testcase name="setup" classname="myDemoProject_Test1.searchPageTest" time="0">
    <skipped/>
  </testcase>
  <testcase name="titletest" classname="myDemoProject_Test1.searchPageTest" time="0">
    <skipped/>
  </testcase>
  <testcase name="tearDown" classname="myDemoProject_Test1.searchPageTest" time="0">
    <skipped/>
  </testcase>
  <testcase name="tearDown" classname="myDemoProject_Test1.searchPageTest" time="0">
    <skipped/>
  </testcase>
  <testcase name="tearDown" classname="myDemoProject_Test1.searchPageTest" time="0">
    <skipped/>
  </testcase>
  <testcase name="searchtest" classname="myDemoProject_Test1.searchPageTest" time="0">
    <skipped/>
  </testcase>
  <testcase name="validateButton" classname="myDemoProject_Test1.searchPageTest" time="0">
    <skipped/>
  </testcase>
</testsuite>